<?xml version="1.0" encoding="UTF-8"?>
<!-- Generated by org.testng.reporters.JUnitReportReporter -->
<testsuite hostname="Himanshus-MacBook-Air.local" failures="0" tests="5" name="WebMathTestScenarios.TS_05QuickJumpToMathSelection" time="0.000" errors="0" timestamp="2023-03-02T01:15:05 IST" skipped="5">
  <testcase classname="WebMathTestScenarios.TS_05QuickJumpToMathSelection" name="NumbersMultiplyPage" time="0.000">
    <skipped/>
  </testcase> <!-- NumbersMultiplyPage -->
  <system-out/>
  <testcase classname="WebMathTestScenarios.TS_05QuickJumpToMathSelection" name="CoinsCountingPage" time="0.000">
    <skipped/>
  </testcase> <!-- CoinsCountingPage -->
  <system-out/>
  <testcase classname="WebMathTestScenarios.TS_05QuickJumpToMathSelection" name="ConversionAreaPage" time="0.000">
    <skipped/>
  </testcase> <!-- ConversionAreaPage -->
  <system-out/>
  <testcase classname="WebMathTestScenarios.TS_05QuickJumpToMathSelection" name="NumbersAdditionPage" time="0.000">
    <skipped/>
  </testcase> <!-- NumbersAdditionPage -->
  <system-out/>
  <testcase classname="WebMathTestScenarios.TS_05QuickJumpToMathSelection" name="ConvertTempPage" time="0.000">
    <skipped/>
  </testcase> <!-- ConvertTempPage -->
  <system-out/>
</testsuite> <!-- WebMathTestScenarios.TS_05QuickJumpToMathSelection -->
